[debug] [2021-06-30T16:51:03.603Z] ----------------------------------------------------------------------
[debug] [2021-06-30T16:51:03.605Z] Command:       C:\Program Files\nodejs\node.exe C:\Users\Meelo\AppData\Roaming\npm\node_modules\firebase-tools\lib\bin\firebase.js init
[debug] [2021-06-30T16:51:03.605Z] CLI Version:   9.14.0
[debug] [2021-06-30T16:51:03.605Z] Platform:      win32
[debug] [2021-06-30T16:51:03.605Z] Node Version:  v14.17.1
[debug] [2021-06-30T16:51:03.606Z] Time:          Wed Jun 30 2021 12:51:03 GMT-0400 (Eastern Daylight Time)
[debug] [2021-06-30T16:51:03.606Z] ----------------------------------------------------------------------
[debug] 
[debug] [2021-06-30T16:51:03.608Z] >>> [apiv2][query] GET https://firebase-public.firebaseio.com/cli.json [none]
[debug] [2021-06-30T16:51:03.629Z] > command requires scopes: ["email","openid","https://www.googleapis.com/auth/cloudplatformprojects.readonly","https://www.googleapis.com/auth/firebase","https://www.googleapis.com/auth/cloud-platform"]
[debug] [2021-06-30T16:51:03.629Z] > authorizing via signed-in user (meelod.waheed360@gmail.com)
[info] 
     ######## #### ########  ######## ########     ###     ######  ########
     ##        ##  ##     ## ##       ##     ##  ##   ##  ##       ##
     ######    ##  ########  ######   ########  #########  ######  ######
     ##        ##  ##    ##  ##       ##     ## ##     ##       ## ##
     ##       #### ##     ## ######## ########  ##     ##  ######  ########

You're about to initialize a Firebase project in this directory:

  C:\Users\Meelo\InternHacks\Compost_App\Web Files

Before we get started, keep in mind:

  * You are initializing within an existing Firebase project directory

[debug] [2021-06-30T16:51:03.749Z] <<< [apiv2][status] GET https://firebase-public.firebaseio.com/cli.json 200
[debug] [2021-06-30T16:51:03.750Z] <<< [apiv2][body] GET https://firebase-public.firebaseio.com/cli.json {"cloudBuildErrorAfter":1594252800000,"cloudBuildWarnAfter":1590019200000,"defaultNode10After":1594252800000,"minVersion":"3.0.5","node8DeploysDisabledAfter":1613390400000,"node8RuntimeDisabledAfter":1615809600000,"node8WarnAfter":1600128000000}
[info] 
=== Project Setup
[info] 
[info] First, let's associate this project directory with a Firebase project.
[info] You can create multiple project aliases by running firebase use --add, 
[info] but for now we'll just set up a default project.
[info] 
[info] i  .firebaserc already has a default project, using composting-app. 
[debug] [2021-06-30T16:51:11.785Z] > refreshing access token with scopes: []
[debug] [2021-06-30T16:51:11.785Z] >>> HTTP REQUEST POST https://www.googleapis.com/oauth2/v3/token  
 <request body omitted>
[debug] [2021-06-30T16:51:11.862Z] <<< HTTP RESPONSE 200 {"expires":"Mon, 01 Jan 1990 00:00:00 GMT","cache-control":"no-cache, no-store, max-age=0, must-revalidate","pragma":"no-cache","date":"Wed, 30 Jun 2021 16:51:11 GMT","content-type":"application/json; charset=utf-8","vary":"X-Origin, Referer, Origin,Accept-Encoding","server":"scaffolding on HTTPServer2","x-xss-protection":"0","x-frame-options":"SAMEORIGIN","x-content-type-options":"nosniff","alt-svc":"h3=\":443\"; ma=2592000,h3-29=\":443\"; ma=2592000,h3-T051=\":443\"; ma=2592000,h3-Q050=\":443\"; ma=2592000,h3-Q046=\":443\"; ma=2592000,h3-Q043=\":443\"; ma=2592000,quic=\":443\"; ma=2592000; v=\"46,43\"","accept-ranges":"none","transfer-encoding":"chunked"}
[debug] [2021-06-30T16:51:11.873Z] >>> [apiv2][query] GET https://firebase.googleapis.com/v1beta1/projects/composting-app [none]
[debug] [2021-06-30T16:51:12.113Z] <<< [apiv2][status] GET https://firebase.googleapis.com/v1beta1/projects/composting-app 200
[debug] [2021-06-30T16:51:12.113Z] <<< [apiv2][body] GET https://firebase.googleapis.com/v1beta1/projects/composting-app {"projectId":"composting-app","projectNumber":"1062496151273","displayName":"Composting App","name":"projects/composting-app","resources":{"hostingSite":"composting-app"},"state":"ACTIVE"}
[info] 
=== Hosting:github Setup
[info] 
[info] i  Didn't detect a .git folder. Assuming C:\Users\Meelo\InternHacks\Compost_App\Web Files is the project root. 
[info] i  Authorizing with GitHub to upload your service account to a GitHub repository's secrets store. 
[info] 
[info] Visit this URL on this device to log in:
[info] https://github.com/login/oauth/authorize?client_id=89cf50f02ac6aaed3484&state=569169405&redirect_uri=http%3A%2F%2Flocalhost%3A9005&scope=read%3Auser%20repo%20public_repo
[info] 
[info] Waiting for authentication...
[debug] [2021-06-30T16:51:12.498Z] >>> HTTP REQUEST POST https://github.com/login/oauth/access_token  
 {"client_id":"89cf50f02ac6aaed3484","client_secret":"3330d14abc895d9a74d5f17cd7a00711fa2c5bf0","code":"3347b02dee3c0632703d","redirect_uri":"http://localhost:9005","state":"569169405"}
[debug] [2021-06-30T16:51:12.621Z] <<< HTTP RESPONSE 200 {"server":"GitHub.com","date":"Wed, 30 Jun 2021 16:51:12 GMT","content-type":"application/json; charset=utf-8","transfer-encoding":"chunked","vary":"X-PJAX, Accept-Encoding, Accept, X-Requested-With","permissions-policy":"interest-cohort=()","etag":"W/\"209d4aa053c65254b86fe8e8b92a6ab8\"","cache-control":"max-age=0, private, must-revalidate","strict-transport-security":"max-age=31536000; includeSubdomains; preload","x-frame-options":"deny","x-content-type-options":"nosniff","x-xss-protection":"0","referrer-policy":"origin-when-cross-origin, strict-origin-when-cross-origin","expect-ct":"max-age=2592000, report-uri=\"https://api.github.com/_private/browser/errors\"","content-security-policy":"default-src 'none'; base-uri 'self'; block-all-mixed-content; connect-src 'self' uploads.github.com www.githubstatus.com collector.githubapp.com api.github.com github-cloud.s3.amazonaws.com github-production-repository-file-5c1aeb.s3.amazonaws.com github-production-upload-manifest-file-7fdce7.s3.amazonaws.com github-production-user-asset-6210df.s3.amazonaws.com cdn.optimizely.com logx.optimizely.com/v1/events translator.github.com wss://alive.github.com; font-src github.githubassets.com; form-action 'self' github.com gist.github.com; frame-ancestors 'none'; frame-src render.githubusercontent.com render-temp.githubusercontent.com viewscreen.githubusercontent.com; img-src 'self' data: github.githubassets.com identicons.github.com collector.githubapp.com github-cloud.s3.amazonaws.com secured-user-images.githubusercontent.com/ *.githubusercontent.com; manifest-src 'self'; media-src 'none'; script-src github.githubassets.com; style-src 'unsafe-inline' github.githubassets.com; worker-src github.com/socket-worker-3f088aa2.js gist.github.com/socket-worker-3f088aa2.js","x-github-request-id":"FD41:5770:10784F:3F0B61:60DCA100"}
[debug] [2021-06-30T16:51:12.623Z] >>> [apiv2][query] GET https://api.github.com/user [none]
[debug] [2021-06-30T16:51:12.747Z] <<< [apiv2][status] GET https://api.github.com/user 200
[debug] [2021-06-30T16:51:12.747Z] <<< [apiv2][body] GET https://api.github.com/user {"login":"meelod","id":57908427,"node_id":"MDQ6VXNlcjU3OTA4NDI3","avatar_url":"https://avatars.githubusercontent.com/u/57908427?v=4","gravatar_id":"","url":"https://api.github.com/users/meelod","html_url":"https://github.com/meelod","followers_url":"https://api.github.com/users/meelod/followers","following_url":"https://api.github.com/users/meelod/following{/other_user}","gists_url":"https://api.github.com/users/meelod/gists{/gist_id}","starred_url":"https://api.github.com/users/meelod/starred{/owner}{/repo}","subscriptions_url":"https://api.github.com/users/meelod/subscriptions","organizations_url":"https://api.github.com/users/meelod/orgs","repos_url":"https://api.github.com/users/meelod/repos","events_url":"https://api.github.com/users/meelod/events{/privacy}","received_events_url":"https://api.github.com/users/meelod/received_events","type":"User","site_admin":false,"name":"Meelod Waheed","company":null,"blog":"https://www.linkedin.com/in/meelod/","location":"Washington, D.C.","email":"meelod.waheed360@gmail.com","hireable":null,"bio":null,"twitter_username":null,"public_repos":8,"public_gists":0,"followers":2,"following":2,"created_at":"2019-11-18T15:08:18Z","updated_at":"2021-06-30T16:15:08Z","private_gists":0,"total_private_repos":0,"owned_private_repos":0,"disk_usage":401,"collaborators":0,"two_factor_authentication":true,"plan":{"name":"pro","space":976562499,"collaborators":0,"private_repos":9999}}
[info] 
[info] +  Success! Logged into GitHub as meelod 
[info] 
[debug] [2021-06-30T16:51:25.857Z] >>> [apiv2][query] GET https://api.github.com/repos/IHTeam5/scrappy/actions/secrets/public-key type=owner
[debug] [2021-06-30T16:51:25.945Z] <<< [apiv2][status] GET https://api.github.com/repos/IHTeam5/scrappy/actions/secrets/public-key 403
[debug] [2021-06-30T16:51:25.945Z] <<< [apiv2][body] GET https://api.github.com/repos/IHTeam5/scrappy/actions/secrets/public-key {"message":"Must have admin rights to Repository.","documentation_url":"https://docs.github.com/rest/reference/actions#get-a-repository-public-key"}
[debug] [2021-06-30T16:51:42.813Z] >>> [apiv2][query] GET https://api.github.com/repos/IHTeam5/scrappy/actions/secrets/public-key type=owner
[debug] [2021-06-30T16:51:42.897Z] <<< [apiv2][status] GET https://api.github.com/repos/IHTeam5/scrappy/actions/secrets/public-key 403
[debug] [2021-06-30T16:51:42.898Z] <<< [apiv2][body] GET https://api.github.com/repos/IHTeam5/scrappy/actions/secrets/public-key {"message":"Must have admin rights to Repository.","documentation_url":"https://docs.github.com/rest/reference/actions#get-a-repository-public-key"}
